  glad.c
  GLSL.cpp
  main.cpp
D:\Projects\Programming\CPE 471\Personal project\src\main.cpp(80,23): warning C4244: '=': conversion from 'double' to 'float', possible loss of data
D:\Projects\Programming\CPE 471\Personal project\src\main.cpp(141,37): warning C4244: '=': conversion from 'double' to 'T', possible loss of data
          with
          [
              T=float
          ]
D:\Projects\Programming\CPE 471\Personal project\src\main.cpp(205,20): warning C4244: '=': conversion from 'double' to 'float', possible loss of data
D:\Projects\Programming\CPE 471\Personal project\src\main.cpp(207,21): warning C4244: '=': conversion from 'double' to 'float', possible loss of data
D:\Projects\Programming\CPE 471\Personal project\src\main.cpp(210,16): warning C4244: '=': conversion from 'double' to 'float', possible loss of data
D:\Projects\Programming\CPE 471\Personal project\src\main.cpp(212,15): warning C4244: '=': conversion from 'double' to 'float', possible loss of data
D:\Projects\Programming\CPE 471\Personal project\src\main.cpp(362,16): warning C4101: 'posY': unreferenced local variable
D:\Projects\Programming\CPE 471\Personal project\src\main.cpp(363,9): warning C4101: 'newPt': unreferenced local variable
D:\Projects\Programming\CPE 471\Personal project\src\main.cpp(362,10): warning C4101: 'posX': unreferenced local variable
D:\Projects\Programming\CPE 471\Personal project\src\main.cpp(1012,1): warning C4305: 'initializing': truncation from 'double' to 'float'
D:\Projects\Programming\CPE 471\Personal project\src\main.cpp(1033,12): warning C4244: '+=': conversion from 'double' to 'float', possible loss of data
D:\Projects\Programming\CPE 471\Personal project\src\main.cpp(1034,12): warning C4244: 'initializing': conversion from 'double' to 'float', possible loss of data
D:\Projects\Programming\CPE 471\Personal project\src\main.cpp(1073,1): warning C4305: '+=': truncation from 'double' to 'float'
D:\Projects\Programming\CPE 471\Personal project\src\main.cpp(1156,24): warning C4244: '=': conversion from 'size_t' to 'T', possible loss of data
          with
          [
              T=float
          ]
D:\Projects\Programming\CPE 471\Personal project\src\main.cpp(1157,24): warning C4244: '=': conversion from 'size_t' to 'T', possible loss of data
          with
          [
              T=float
          ]
D:\Projects\Programming\CPE 471\Personal project\src\main.cpp(1189,25): warning C4018: '<': signed/unsigned mismatch
D:\Projects\Programming\CPE 471\Personal project\src\main.cpp(1208,1): warning C4305: '+=': truncation from 'double' to 'float'
D:\Projects\Programming\CPE 471\Personal project\src\main.cpp(1213,24): warning C4018: '<': signed/unsigned mismatch
D:\Projects\Programming\CPE 471\Personal project\src\main.cpp(1042,13): warning C4101: 'RotateX': unreferenced local variable
D:\Projects\Programming\CPE 471\Personal project\src\main.cpp(1043,13): warning C4101: 'TransZ': unreferenced local variable
  MatrixStack.cpp
  Program.cpp
  Shape.cpp
D:\Projects\Programming\CPE 471\Personal project\src\Shape.cpp(65,20): warning C4018: '<': signed/unsigned mismatch
  WindowManager.cpp
  Generating Code...
glfw3.lib(context.obj) : warning LNK4099: PDB 'glfw.pdb' was not found with 'glfw3.lib(context.obj)' or at 'D:\Projects\Programming\CPE 471\Personal project\Debug\glfw.pdb'; linking object as if no debug info
glfw3.lib(init.obj) : warning LNK4099: PDB 'glfw.pdb' was not found with 'glfw3.lib(init.obj)' or at 'D:\Projects\Programming\CPE 471\Personal project\Debug\glfw.pdb'; linking object as if no debug info
glfw3.lib(input.obj) : warning LNK4099: PDB 'glfw.pdb' was not found with 'glfw3.lib(input.obj)' or at 'D:\Projects\Programming\CPE 471\Personal project\Debug\glfw.pdb'; linking object as if no debug info
glfw3.lib(monitor.obj) : warning LNK4099: PDB 'glfw.pdb' was not found with 'glfw3.lib(monitor.obj)' or at 'D:\Projects\Programming\CPE 471\Personal project\Debug\glfw.pdb'; linking object as if no debug info
glfw3.lib(vulkan.obj) : warning LNK4099: PDB 'glfw.pdb' was not found with 'glfw3.lib(vulkan.obj)' or at 'D:\Projects\Programming\CPE 471\Personal project\Debug\glfw.pdb'; linking object as if no debug info
glfw3.lib(window.obj) : warning LNK4099: PDB 'glfw.pdb' was not found with 'glfw3.lib(window.obj)' or at 'D:\Projects\Programming\CPE 471\Personal project\Debug\glfw.pdb'; linking object as if no debug info
glfw3.lib(win32_init.obj) : warning LNK4099: PDB 'glfw.pdb' was not found with 'glfw3.lib(win32_init.obj)' or at 'D:\Projects\Programming\CPE 471\Personal project\Debug\glfw.pdb'; linking object as if no debug info
glfw3.lib(win32_joystick.obj) : warning LNK4099: PDB 'glfw.pdb' was not found with 'glfw3.lib(win32_joystick.obj)' or at 'D:\Projects\Programming\CPE 471\Personal project\Debug\glfw.pdb'; linking object as if no debug info
glfw3.lib(win32_monitor.obj) : warning LNK4099: PDB 'glfw.pdb' was not found with 'glfw3.lib(win32_monitor.obj)' or at 'D:\Projects\Programming\CPE 471\Personal project\Debug\glfw.pdb'; linking object as if no debug info
glfw3.lib(win32_time.obj) : warning LNK4099: PDB 'glfw.pdb' was not found with 'glfw3.lib(win32_time.obj)' or at 'D:\Projects\Programming\CPE 471\Personal project\Debug\glfw.pdb'; linking object as if no debug info
glfw3.lib(win32_tls.obj) : warning LNK4099: PDB 'glfw.pdb' was not found with 'glfw3.lib(win32_tls.obj)' or at 'D:\Projects\Programming\CPE 471\Personal project\Debug\glfw.pdb'; linking object as if no debug info
glfw3.lib(win32_window.obj) : warning LNK4099: PDB 'glfw.pdb' was not found with 'glfw3.lib(win32_window.obj)' or at 'D:\Projects\Programming\CPE 471\Personal project\Debug\glfw.pdb'; linking object as if no debug info
glfw3.lib(wgl_context.obj) : warning LNK4099: PDB 'glfw.pdb' was not found with 'glfw3.lib(wgl_context.obj)' or at 'D:\Projects\Programming\CPE 471\Personal project\Debug\glfw.pdb'; linking object as if no debug info
glfw3.lib(egl_context.obj) : warning LNK4099: PDB 'glfw.pdb' was not found with 'glfw3.lib(egl_context.obj)' or at 'D:\Projects\Programming\CPE 471\Personal project\Debug\glfw.pdb'; linking object as if no debug info
  lab texture.vcxproj -> D:\Projects\Programming\CPE 471\Personal project\Debug\lab texture.exe
